<?xml version="1.0" encoding="UTF-8"?>
<!-- Generated by org.testng.reporters.JUnitXMLReporter -->
<testsuite hostname="BDC4-L-PF1V7L8G" ignored="0" name="Test2" tests="4" failures="0" timestamp="02 Jul 2020 14:24:59 GMT" time="180.82" errors="0">
  <testcase name="links1" time="27.213" classname="docker.SmokeTest"/>
  <testcase name="links2" time="26.797" classname="docker.SmokeTest"/>
  <testcase name="links1" time="58.767" classname="docker.RegressionTest"/>
  <testcase name="links2" time="63.661" classname="docker.RegressionTest"/>
</testsuite> <!-- Test2 -->
